[11-17 22:43:53]: [INFO] Created column 'regdate' and set the current timestamp, 1763419433422, to all 0 rows
[11-17 22:43:53]: [INFO] SQLite Setup finished
[11-17 22:43:53]: [INFO] No supported permissions system found! Permissions are disabled!
[11-17 22:43:53]: [WARN] WARNING! The protectInventory feature requires ProtocolLib! Disabling it...
[11-17 22:43:53]: [INFO] AuthMe 5.6.0 build n.CUSTOM successfully enabled!
[11-17 22:43:54]: [INFO] Downloading GEO IP database, because the old database is older than 30 days or doesn't exist
[11-17 22:43:54]: [WARN] No MaxMind credentials found in the configuration file! GeoIp protections will be disabled.
[11-17 22:43:54]: [INFO] There is no newer GEO IP database uploaded to MaxMind. Using the old one for now.
[11-17 22:43:54]: [WARN] Could not download GeoLiteAPI database [FileNotFoundException]: plugins/AuthMe/GeoLite2-Country.mmdb (No such file or directory)
[11-17 22:43:54]: java.io.FileNotFoundException: plugins/AuthMe/GeoLite2-Country.mmdb (No such file or directory)
	at java.base/java.io.RandomAccessFile.open0(Native Method)
	at java.base/java.io.RandomAccessFile.open(RandomAccessFile.java:356)
	at java.base/java.io.RandomAccessFile.<init>(RandomAccessFile.java:273)
	at java.base/java.io.RandomAccessFile.<init>(RandomAccessFile.java:223)
	at fr.xephi.authme.libs.com.maxmind.db.BufferHolder.<init>(BufferHolder.java:20)
	at fr.xephi.authme.libs.com.maxmind.db.Reader.<init>(Reader.java:121)
	at fr.xephi.authme.service.GeoIpService.startReading(GeoIpService.java:179)
	at fr.xephi.authme.service.GeoIpService.updateDatabase(GeoIpService.java:150)
	at org.bukkit.craftbukkit.v1_12_R1.scheduler.CraftTask.run(CraftTask.java:64)
	at org.bukkit.craftbukkit.v1_12_R1.scheduler.CraftAsyncTask.run(CraftAsyncTask.java:52)
	at com.destroystokyo.paper.ServerSchedulerReportingWrapper.run(ServerSchedulerReportingWrapper.java:22)
	at java.base/java.util.concurrent.ThreadPoolExecutor.runWorker(ThreadPoolExecutor.java:1144)
	at java.base/java.util.concurrent.ThreadPoolExecutor$Worker.run(ThreadPoolExecutor.java:642)
	at java.base/java.lang.Thread.run(Thread.java:1583)

[11-17 23:35:52]: [INFO] AuthMe 5.6.0-bCUSTOM disabled!
